{"/Users/ssh97vkp/jest/jest-repo/src/module1/function1.mjs": {"path":"/Users/ssh97vkp/jest/jest-repo/src/module1/function1.mjs","statementMap":{"0":{"start":{"line":2,"column":4},"end":{"line":2,"column":17}},"1":{"start":{"line":5,"column":25},"end":{"line":12,"column":3}},"2":{"start":{"line":6,"column":27},"end":{"line":6,"column":32}},"3":{"start":{"line":7,"column":19},"end":{"line":7,"column":34}},"4":{"start":{"line":8,"column":4},"end":{"line":11,"column":6}}},"fnMap":{"0":{"name":"add","decl":{"start":{"line":1,"column":16},"end":{"line":1,"column":19}},"loc":{"start":{"line":1,"column":26},"end":{"line":3,"column":3}},"line":1},"1":{"name":"(anonymous_1)","decl":{"start":{"line":5,"column":25},"end":{"line":5,"column":26}},"loc":{"start":{"line":5,"column":42},"end":{"line":12,"column":3}},"line":5}},"branchMap":{},"s":{"0":1,"1":1,"2":1,"3":1,"4":1},"f":{"0":1,"1":1},"b":{},"_coverageSchema":"1a1c01bbd47fc00a2c39e90264f33305004495a9","hash":"607b5df0a034114569cff18605c75af6c3b764b4"}
}
